10 0 10 0.000205249 0.000001036 0.000001279
10 100 10 0.000145580 0.000000699 0.000000731
10 0 0 0.000134242 0.000000804 0.000000898
10 0 0 0.000169071 0.000000691 0.000000699
10 0 0 0.000117934 0.000000666 0.000000895
100 2310 75 0.000157527 0.000001167 0.000001165
100 0 0 0.000154955 0.000001111 0.000001289
100 0 0 0.000163087 0.000001421 0.000001495
100 1045 100 0.000166797 0.000001634 0.000001616
100 2925 100 0.000176732 0.000001515 0.000001537
1000 37775 970 0.000193036 0.000006752 0.000006967
1000 36876 939 0.000132108 0.000004926 0.000005117
1000 42423 955 0.000174715 0.000006282 0.000006412
1000 36940 936 0.000141581 0.000004778 0.000004849
1000 37389 986 0.000144197 0.000005876 0.000006031
10000 217355 3140 0.000268266 0.000027488 0.000027469
10000 322513 6631 0.000309479 0.000033930 0.000030713
10000 205925 3644 0.000336792 0.000027462 0.000027659
10000 212875 4164 0.000309673 0.000027541 0.000027205
10000 194998 6112 0.000196189 0.000023171 0.000023386
100000 849723 27114 0.001532313 0.000288648 0.000246065
100000 544205 20972 0.001236728 0.000375039 0.000242534
100000 612873 29236 0.001357566 0.000322277 0.000245012
100000 371712 12288 0.001252508 0.000432663 0.000325324
100000 646861 25643 0.001235545 0.000334123 0.000243276
1000000 5595901 208867 0.008936683 0.003011239 0.002422864
1000000 5898445 221279 0.008542842 0.002972728 0.002415040
1000000 5498229 227857 0.010627262 0.003559321 0.002469891
1000000 6688662 231579 0.008582765 0.002900239 0.002403553
1000000 4218763 157517 0.010215739 0.003484876 0.002486456
10000000 0 1878622 0.070415115 0.041625162 0.037145560
10000000 0 2084053 0.071331682 0.043488693 0.038260214
10000000 0 2174421 0.071771056 0.030841160 0.031064919
10000000 0 2057968 0.069924967 0.043839244 0.038177205
10000000 0 2047751 0.070803953 0.031018041 0.031214024
100000000 0 14529646 0.540633247 0.375544475 0.335688226
100000000 0 12864919 0.530160627 0.340683401 0.317799192
100000000 0 11377353 0.515731629 0.343396984 0.321185787
100000000 0 17289599 0.494021869 0.334542333 0.306744135
100000000 0 17236918 0.490579635 0.343727125 0.306784249
1000000000 0 133166339 4.580190408 4.076125838 4.169509330
1000000000 0 132763213 4.395516462 3.781156191 4.015152906
1000000000 0 332870870 5.345359054 4.547179984 5.300672708
1000000000 0 124994275 4.425876957 3.724302705 4.033518916
1000000000 0 106242464 5.299682665 3.734028897 3.921243893
1410065408 0 177246257 6.164488285 5.266907792 5.646855334
1410065408 0 166805157 6.123827658 5.275496980 5.623615782
1410065408 0 170887087 6.110034444 5.233898617 5.571751776
1410065408 0 172652371 6.086447229 5.266463923 5.596177571
1410065408 0 166870135 6.058237665 5.222131230 5.609107158
/tmp/dir44eecf.tmp/sb.c: In function ‘main’:
/tmp/dir44eecf.tmp/sb.c:372:3: warning: overflow in implicit constant conversion [-Woverflow]
   cmd_t def = { 0, NUMBER_OF_RUN, SIZE_OF_TEST, STRIDE, AVAIL, 0, 0, aff_none, 0, AFF_INCR, def_all_cpus, -1, MAX_LOOP, NULL, NULL, -1, -1, -1, 0, 0};
   ^
/tmp/dir44eecf.tmp/sb.c: In function ‘main’:
/tmp/dir44eecf.tmp/sb.c:372:3: warning: overflow in implicit constant conversion [-Woverflow]
   cmd_t def = { 0, NUMBER_OF_RUN, SIZE_OF_TEST, STRIDE, AVAIL, 0, 0, aff_none, 0, AFF_INCR, def_all_cpus, -1, MAX_LOOP, NULL, NULL, -1, -1, -1, 0, 0};
   ^
./PerpLEResults/x86tso/sb
Could not create directory.
0.000772076
3.896e-06
4.502e-06
0.000819098
6.848e-06
7.102e-06
0.000785637
2.8614e-05
2.9376e-05
0.001420399
0.000139592
0.000136432
0.00661466
0.00175275
0.001302211
0.046905291
0.015928403
0.012197804
0.354246773
0.1908123
0.175861922
2.571127007
1.737894318
1.588201589
24.046625546
19.862793615
21.440097753
30.543035281
26.264898542
28.047507621
[128870.62935260551, 7603402.6437563719, 235066337.03857902, 739533753.72037411, 361566362.82911915, 444029281.48709518, 0.0, 0.0, 0.0, 0.0]
[25754.013119094285, 332849.1890583394, 5872298.9694642909, 15217451.34828379, 14557897.937202714, 17716483.375363, 19322103.365989875, 17622660.318420295, 18247899.624333855, 14583599.411754772]
[0, 0, 0, 100.0, 231.25, 78.89908256880733, 5.1833122629582808, 6.2653721682847898, 5.4397022630409984, 13144.993108982746]
10 0 0 0.000189657 0.000001193 0.000002516
10 10 10 0.000166110 0.000001002 0.000002699
10 0 0 0.000138505 0.000001010 0.000002516
100 0 0 0.000150607 0.000001677 0.000065016
100 1915 65 0.000111922 0.000001268 0.000061513
100 0 0 0.000119722 0.000001100 0.000043207
1000 30375 961 0.000187687 0.000006735 0.008420348
1000 32530 949 0.000144094 0.000007294 0.008749316
1000 31096 978 0.000175043 0.000006893 0.008616084
10000 169134 5043 0.000250845 0.000026976 0.347283463
10000 323494 5419 0.000300726 0.000040930 0.521508694
10000 184336 3296 0.000300186 0.000027790 0.312490581
100000 496567 18616 0.001249523 0.000339236 33.728608561
100000 516604 14910 0.001188450 0.000307206 33.061133274
100000 531918 19772 0.001322408 0.000313135 30.281635613
10 0 0 0.000171215 0.000002419 0.000001047
10 0 10 0.000174712 0.000002897 0.000001013
10 0 10 0.000176882 0.000002680 0.000001011
100 312 9 0.000160289 0.000064322 0.000001755
100 2911 73 0.000182468 0.000102218 0.000001792
100 1668 62 0.000171676 0.000092266 0.000001907
1000 27868 909 0.000150011 0.007761123 0.000006465
1000 26655 783 0.000165719 0.006566309 0.000006359
1000 33891 939 0.000164609 0.006860033 0.000005906
10000 171028 5241 0.000218656 0.334261036 0.000026484
10000 207367 6527 0.000195214 0.267616968 0.000026341
10000 207489 6446 0.000178848 0.267821065 0.000026075
100000 772969 26522 0.000925025 25.890689578 0.000277485
100000 731947 26045 0.000941560 25.048808470 0.000268971
100000 642720 25046 0.000932893 25.353508072 0.000269620
1000000 4577101 174467 0.010341391 3320.743732778 0.003847612
1000000 3629532 129695 0.009128229 3299.064988704 0.003704349
1000000 6474606 721438 0.008824548 4244.348854001 0.003184596
10000000 0 1874614 0.073838028 0.000000000 0.040119447
10000000 0 1972445 0.065611662 0.000000000 0.029072571
10000000 0 1815230 0.071072966 0.000000000 0.041761755
100000000 0 17401948 0.488054731 0.000000000 0.346235853
100000000 0 17125120 0.492257065 0.000000000 0.314267882
100000000 0 17503666 0.494149893 0.000000000 0.346959871
1000000000 0 140456355 4.303626940 0.000000000 3.941269620
1000000000 0 140998742 4.301193428 0.000000000 3.844558943
1000000000 0 140466653 4.458094362 0.000000000 3.869222169
./PerpLEResults/x86tso/sb
Could not create directory.
0.000522809
7.996e-06
3.071e-06
0.000514433
0.000258806
5.454e-06
0.000480339
0.021187465
1.873e-05
0.000592718
0.869699069
7.89e-05
0.002799478
76.29300612
0.000816076
0.028294168
10864.1575755
0.010736557
0.210522656
0.0
0.110953773
1.474461689
0.0
1.007463606
13.06291473
0.0
11.655050732
[0.0, 6325340.5480065029, 4080431.9625560576, 673204.10091380065, 28148.808223034186, 1351.3427675249832, 0.0, 0.0, 0.0]
[38031.490073781097, 276983.26751774905, 5271816.1216184534, 27119582.858112797, 21466419.807310306, 26276734.546949871, 17613387.7610044, 20963859.832856089, 17069436.829201765]
[0, 0, 0, 0.0, 453.84615384615381, 317.10526315789474, 492.09138840070295, 62.901785714285715, 2.4304051435215794]
1410065408 0 165613685 8.440624966 0.000000000 6.961753724
1410065408 0 628667811 9.100800359 0.000000000 6.597220561
1410065408 0 197344419 8.505865505 0.000000000 6.575664100
/tmp/dir3c81d1.tmp/sb.c: In function ‘main’:
/tmp/dir3c81d1.tmp/sb.c:372:3: warning: overflow in implicit constant conversion [-Woverflow]
   cmd_t def = { 0, NUMBER_OF_RUN, SIZE_OF_TEST, STRIDE, AVAIL, 0, 0, aff_none, 0, AFF_INCR, def_all_cpus, -1, MAX_LOOP, NULL, NULL, -1, -1, -1, 0, 0};
   ^
/tmp/dir3c81d1.tmp/sb.c: In function ‘main’:
/tmp/dir3c81d1.tmp/sb.c:372:3: warning: overflow in implicit constant conversion [-Woverflow]
   cmd_t def = { 0, NUMBER_OF_RUN, SIZE_OF_TEST, STRIDE, AVAIL, 0, 0, aff_none, 0, AFF_INCR, def_all_cpus, -1, MAX_LOOP, NULL, NULL, -1, -1, -1, 0, 0};
   ^
./PerpLEResults/x86tso/sb
Could not create directory.
26.04729083
0.0
20.134638385
[0.0]
[21472163.070180222]
[3353.0221581224596]
